0 info it worked if it ends with ok
1 verbose cli [ 'C:\\Program Files\\nodejs\\node.exe',
1 verbose cli   'C:\\Program Files\\nodejs\\node_modules\\npm\\bin\\npm-cli.js',
1 verbose cli   'install' ]
2 info using npm@3.10.10
3 info using node@v6.9.5
4 silly loadCurrentTree Starting
5 silly install loadCurrentTree
6 silly install readLocalPackageData
7 silly install normalizeTree
8 silly loadCurrentTree Finishing
9 silly loadIdealTree Starting
10 silly install loadIdealTree
11 silly cloneCurrentTree Starting
12 silly install cloneCurrentTreeToIdealTree
13 silly cloneCurrentTree Finishing
14 silly loadShrinkwrap Starting
15 silly install loadShrinkwrap
16 silly loadShrinkwrap Finishing
17 silly loadAllDepsIntoIdealTree Starting
18 silly install loadAllDepsIntoIdealTree
19 silly fetchNamedPackageData fsevents
20 silly mapToRegistry name fsevents
21 silly mapToRegistry using default registry
22 silly mapToRegistry registry https://registry.npmjs.org/
23 silly mapToRegistry data Result {
23 silly mapToRegistry   raw: 'fsevents',
23 silly mapToRegistry   scope: null,
23 silly mapToRegistry   escapedName: 'fsevents',
23 silly mapToRegistry   name: 'fsevents',
23 silly mapToRegistry   rawSpec: '',
23 silly mapToRegistry   spec: 'latest',
23 silly mapToRegistry   type: 'tag' }
24 silly mapToRegistry uri https://registry.npmjs.org/fsevents
25 verbose request uri https://registry.npmjs.org/fsevents
26 verbose request no auth needed
27 info attempt registry request try #1 at 19:25:43
28 verbose request id 9bce33f1e5c80bf0
29 verbose etag W/"1f6c1f25b9f645ad374c652ec54b1ad9"
30 verbose lastModified Sun, 27 May 2018 01:18:06 GMT
31 http request GET https://registry.npmjs.org/fsevents
32 http 304 https://registry.npmjs.org/fsevents
33 verbose headers { date: 'Sat, 03 Nov 2018 17:25:43 GMT',
33 verbose headers   connection: 'keep-alive',
33 verbose headers   'set-cookie': [ '__cfduid=db555df3c6767af9586a1235492203e351541265943; expires=Sun, 03-Nov-19 17:25:43 GMT; path=/; domain=.registry.npmjs.org; HttpOnly' ],
33 verbose headers   'cf-cache-status': 'HIT',
33 verbose headers   'cache-control': 'max-age=300',
33 verbose headers   'cf-ray': '47408ab279ad8261-KBP',
33 verbose headers   etag: '"1f6c1f25b9f645ad374c652ec54b1ad9"',
33 verbose headers   'expect-ct': 'max-age=604800, report-uri="https://report-uri.cloudflare.com/cdn-cgi/beacon/expect-ct"',
33 verbose headers   'last-modified': 'Sun, 27 May 2018 01:18:06 GMT',
33 verbose headers   vary: 'accept-encoding, accept',
33 verbose headers   server: 'cloudflare' }
34 silly get cb [ 304,
34 silly get   { date: 'Sat, 03 Nov 2018 17:25:43 GMT',
34 silly get     connection: 'keep-alive',
34 silly get     'set-cookie': [ '__cfduid=db555df3c6767af9586a1235492203e351541265943; expires=Sun, 03-Nov-19 17:25:43 GMT; path=/; domain=.registry.npmjs.org; HttpOnly' ],
34 silly get     'cf-cache-status': 'HIT',
34 silly get     'cache-control': 'max-age=300',
34 silly get     'cf-ray': '47408ab279ad8261-KBP',
34 silly get     etag: '"1f6c1f25b9f645ad374c652ec54b1ad9"',
34 silly get     'expect-ct': 'max-age=604800, report-uri="https://report-uri.cloudflare.com/cdn-cgi/beacon/expect-ct"',
34 silly get     'last-modified': 'Sun, 27 May 2018 01:18:06 GMT',
34 silly get     vary: 'accept-encoding, accept',
34 silly get     server: 'cloudflare' } ]
35 verbose etag https://registry.npmjs.org/fsevents from cache
36 verbose get saving fsevents to C:\Users\User\AppData\Roaming\npm-cache\registry.npmjs.org\fsevents\.cache.json
37 verbose correctMkdir C:\Users\User\AppData\Roaming\npm-cache correctMkdir not in flight; initializing
38 silly resolveWithNewModule fsevents@1.2.4 checking installable status
39 silly fetchNamedPackageData fsevents
40 silly mapToRegistry name fsevents
41 silly mapToRegistry using default registry
42 silly mapToRegistry registry https://registry.npmjs.org/
43 silly mapToRegistry data Result {
43 silly mapToRegistry   raw: 'fsevents',
43 silly mapToRegistry   scope: null,
43 silly mapToRegistry   escapedName: 'fsevents',
43 silly mapToRegistry   name: 'fsevents',
43 silly mapToRegistry   rawSpec: '',
43 silly mapToRegistry   spec: 'latest',
43 silly mapToRegistry   type: 'tag' }
44 silly mapToRegistry uri https://registry.npmjs.org/fsevents
45 silly resolveWithNewModule fsevents@1.2.4 checking installable status
46 silly loadAllDepsIntoIdealTree Finishing
47 silly loadIdealTree Finishing
48 silly currentTree vpba_gulp@1.0.0
48 silly currentTree +-- abbrev@1.1.1
48 silly currentTree +-- accepts@1.3.5
48 silly currentTree +-- after@0.8.2
48 silly currentTree +-- ajv@5.5.2
48 silly currentTree +-- amdefine@1.0.1
48 silly currentTree +-- ansi-cyan@0.1.1
48 silly currentTree +-- ansi-gray@0.1.1
48 silly currentTree +-- ansi-red@0.1.1
48 silly currentTree +-- ansi-regex@2.1.1
48 silly currentTree +-- ansi-styles@2.2.1
48 silly currentTree +-- ansi-wrap@0.1.0
48 silly currentTree +-- anymatch@2.0.0
48 silly currentTree | `-- micromatch@3.1.10
48 silly currentTree +-- aproba@1.2.0
48 silly currentTree +-- archy@1.0.0
48 silly currentTree +-- are-we-there-yet@1.1.5
48 silly currentTree +-- arr-diff@4.0.0
48 silly currentTree +-- arr-flatten@1.1.0
48 silly currentTree +-- arr-union@3.1.0
48 silly currentTree +-- array-differ@1.0.0
48 silly currentTree +-- array-each@1.0.1
48 silly currentTree +-- array-find-index@1.0.2
48 silly currentTree +-- array-slice@1.1.0
48 silly currentTree +-- array-uniq@1.0.3
48 silly currentTree +-- array-unique@0.3.2
48 silly currentTree +-- arraybuffer.slice@0.0.7
48 silly currentTree +-- asn1@0.2.4
48 silly currentTree +-- assert-plus@1.0.0
48 silly currentTree +-- assign-symbols@1.0.0
48 silly currentTree +-- async-each-series@0.1.1
48 silly currentTree +-- async-each@1.0.1
48 silly currentTree +-- async-foreach@0.1.3
48 silly currentTree +-- async-limiter@1.0.0
48 silly currentTree +-- async@1.5.2
48 silly currentTree +-- asynckit@0.4.0
48 silly currentTree +-- atob@2.1.2
48 silly currentTree +-- autoprefixer@6.7.7
48 silly currentTree +-- aws-sign2@0.7.0
48 silly currentTree +-- aws4@1.8.0
48 silly currentTree +-- axios@0.17.1
48 silly currentTree +-- backo2@1.0.2
48 silly currentTree +-- balanced-match@1.0.0
48 silly currentTree +-- base@0.11.2
48 silly currentTree | +-- define-property@1.0.0
48 silly currentTree | +-- is-accessor-descriptor@1.0.0
48 silly currentTree | +-- is-data-descriptor@1.0.0
48 silly currentTree | `-- is-descriptor@1.0.2
48 silly currentTree +-- base64-arraybuffer@0.1.5
48 silly currentTree +-- base64id@1.0.0
48 silly currentTree +-- batch@0.6.1
48 silly currentTree +-- bcrypt-pbkdf@1.0.2
48 silly currentTree +-- beeper@1.1.1
48 silly currentTree +-- better-assert@1.0.2
48 silly currentTree +-- binary-extensions@1.12.0
48 silly currentTree +-- blob@0.0.5
48 silly currentTree +-- block-stream@0.0.9
48 silly currentTree +-- brace-expansion@1.1.11
48 silly currentTree +-- braces@2.3.2
48 silly currentTree | `-- extend-shallow@2.0.1
48 silly currentTree +-- breakpoint-sass@2.7.1
48 silly currentTree +-- browser-sync-client@2.26.2
48 silly currentTree +-- browser-sync-ui@2.26.2
48 silly currentTree +-- browser-sync@2.26.3
48 silly currentTree +-- browserslist@1.7.7
48 silly currentTree +-- bs-recipes@1.3.4
48 silly currentTree +-- bs-snippet-injector@2.0.1
48 silly currentTree +-- builtin-modules@1.1.1
48 silly currentTree +-- bytes@3.0.0
48 silly currentTree +-- cache-base@1.0.1
48 silly currentTree +-- callsite@1.0.0
48 silly currentTree +-- camelcase-keys@2.1.0
48 silly currentTree | `-- camelcase@2.1.1
48 silly currentTree +-- camelcase@3.0.0
48 silly currentTree +-- caniuse-db@1.0.30000904
48 silly currentTree +-- caseless@0.12.0
48 silly currentTree +-- chalk@1.1.3
48 silly currentTree +-- chokidar@2.0.4
48 silly currentTree +-- class-utils@0.3.6
48 silly currentTree | `-- define-property@0.2.5
48 silly currentTree +-- cliui@3.2.0
48 silly currentTree +-- clone-stats@0.0.1
48 silly currentTree +-- clone@1.0.4
48 silly currentTree +-- co@4.6.0
48 silly currentTree +-- code-point-at@1.1.0
48 silly currentTree +-- collection-visit@1.0.0
48 silly currentTree +-- color-support@1.1.3
48 silly currentTree +-- combined-stream@1.0.7
48 silly currentTree +-- commander@2.19.0
48 silly currentTree +-- compass-mixins@0.12.10
48 silly currentTree +-- component-bind@1.0.0
48 silly currentTree +-- component-emitter@1.2.1
48 silly currentTree +-- component-inherit@0.0.3
48 silly currentTree +-- concat-map@0.0.1
48 silly currentTree +-- connect-history-api-fallback@1.5.0
48 silly currentTree +-- connect@3.6.6
48 silly currentTree | `-- debug@2.6.9
48 silly currentTree +-- console-control-strings@1.1.0
48 silly currentTree +-- cookie@0.3.1
48 silly currentTree +-- copy-descriptor@0.1.1
48 silly currentTree +-- core-util-is@1.0.2
48 silly currentTree +-- cross-spawn@3.0.1
48 silly currentTree | `-- lru-cache@4.1.3
48 silly currentTree +-- currently-unhandled@0.4.1
48 silly currentTree +-- dashdash@1.14.1
48 silly currentTree +-- dateformat@2.2.0
48 silly currentTree +-- debug@3.1.0
48 silly currentTree +-- decamelize@1.2.0
48 silly currentTree +-- decode-uri-component@0.2.0
48 silly currentTree +-- defaults@1.0.3
48 silly currentTree +-- define-property@2.0.2
48 silly currentTree | +-- is-accessor-descriptor@1.0.0
48 silly currentTree | +-- is-data-descriptor@1.0.0
48 silly currentTree | `-- is-descriptor@1.0.2
48 silly currentTree +-- delayed-stream@1.0.0
48 silly currentTree +-- delegates@1.0.0
48 silly currentTree +-- depd@1.1.2
48 silly currentTree +-- deprecated@0.0.1
48 silly currentTree +-- destroy@1.0.4
48 silly currentTree +-- detect-file@1.0.0
48 silly currentTree +-- dev-ip@1.0.1
48 silly currentTree +-- duplexer2@0.0.2
48 silly currentTree | +-- isarray@0.0.1
48 silly currentTree | +-- readable-stream@1.1.14
48 silly currentTree | `-- string_decoder@0.10.31
48 silly currentTree +-- easy-extender@2.3.4
48 silly currentTree +-- eazy-logger@3.0.2
48 silly currentTree +-- ecc-jsbn@0.1.2
48 silly currentTree +-- ee-first@1.1.1
48 silly currentTree +-- electron-to-chromium@1.3.83
48 silly currentTree +-- encodeurl@1.0.2
48 silly currentTree +-- end-of-stream@0.1.5
48 silly currentTree +-- engine.io-client@3.2.1
48 silly currentTree +-- engine.io-parser@2.1.3
48 silly currentTree +-- engine.io@3.2.1
48 silly currentTree +-- error-ex@1.3.2
48 silly currentTree +-- escape-html@1.0.3
48 silly currentTree +-- escape-string-regexp@1.0.5
48 silly currentTree +-- etag@1.8.1
48 silly currentTree +-- eventemitter3@1.2.0
48 silly currentTree +-- expand-brackets@2.1.4
48 silly currentTree | +-- debug@2.6.9
48 silly currentTree | +-- define-property@0.2.5
48 silly currentTree | `-- extend-shallow@2.0.1
48 silly currentTree +-- expand-range@1.8.2
48 silly currentTree | +-- fill-range@2.2.4
48 silly currentTree | +-- is-number@2.1.0
48 silly currentTree | +-- isarray@1.0.0
48 silly currentTree | +-- isobject@2.1.0
48 silly currentTree | `-- kind-of@3.2.2
48 silly currentTree +-- expand-tilde@2.0.2
48 silly currentTree +-- extend-shallow@3.0.2
48 silly currentTree | `-- is-extendable@1.0.1
48 silly currentTree +-- extend@3.0.2
48 silly currentTree +-- extglob@2.0.4
48 silly currentTree | +-- define-property@1.0.0
48 silly currentTree | +-- extend-shallow@2.0.1
48 silly currentTree | +-- is-accessor-descriptor@1.0.0
48 silly currentTree | +-- is-data-descriptor@1.0.0
48 silly currentTree | `-- is-descriptor@1.0.2
48 silly currentTree +-- extsprintf@1.3.0
48 silly currentTree +-- fancy-log@1.3.2
48 silly currentTree +-- fast-deep-equal@1.1.0
48 silly currentTree +-- fast-json-stable-stringify@2.0.0
48 silly currentTree +-- filename-regex@2.0.1
48 silly currentTree +-- fill-range@4.0.0
48 silly currentTree | `-- extend-shallow@2.0.1
48 silly currentTree +-- finalhandler@1.1.0
48 silly currentTree | `-- debug@2.6.9
48 silly currentTree +-- find-index@0.1.1
48 silly currentTree +-- find-up@1.1.2
48 silly currentTree +-- findup-sync@2.0.0
48 silly currentTree | +-- is-glob@3.1.0
48 silly currentTree | `-- micromatch@3.1.10
48 silly currentTree +-- fined@1.1.0
48 silly currentTree +-- first-chunk-stream@1.0.0
48 silly currentTree +-- flagged-respawn@1.0.0
48 silly currentTree +-- follow-redirects@1.5.9
48 silly currentTree +-- for-in@1.0.2
48 silly currentTree +-- for-own@0.1.5
48 silly currentTree +-- forever-agent@0.6.1
48 silly currentTree +-- form-data@2.3.3
48 silly currentTree +-- fragment-cache@0.2.1
48 silly currentTree +-- fresh@0.5.2
48 silly currentTree +-- fs-extra@3.0.1
48 silly currentTree +-- fs.realpath@1.0.0
48 silly currentTree +-- fstream@1.0.11
48 silly currentTree +-- gauge@2.7.4
48 silly currentTree | `-- object-assign@4.1.1
48 silly currentTree +-- gaze@0.5.2
48 silly currentTree +-- get-caller-file@1.0.3
48 silly currentTree +-- get-stdin@4.0.1
48 silly currentTree +-- get-value@2.0.6
48 silly currentTree +-- getpass@0.1.7
48 silly currentTree +-- glob-base@0.3.0
48 silly currentTree | +-- glob-parent@2.0.0
48 silly currentTree | +-- is-extglob@1.0.0
48 silly currentTree | `-- is-glob@2.0.1
48 silly currentTree +-- glob-parent@3.1.0
48 silly currentTree | `-- is-glob@3.1.0
48 silly currentTree +-- glob-stream@3.1.18
48 silly currentTree | +-- isarray@0.0.1
48 silly currentTree | +-- minimatch@2.0.10
48 silly currentTree | +-- readable-stream@1.0.34
48 silly currentTree | +-- string_decoder@0.10.31
48 silly currentTree | `-- through2@0.6.5
48 silly currentTree +-- glob-watcher@0.0.6
48 silly currentTree +-- glob@4.5.3
48 silly currentTree | `-- minimatch@2.0.10
48 silly currentTree +-- glob2base@0.0.12
48 silly currentTree +-- global-modules@1.0.0
48 silly currentTree +-- global-prefix@1.0.2
48 silly currentTree +-- globule@0.1.0
48 silly currentTree | +-- glob@3.1.21
48 silly currentTree | +-- graceful-fs@1.2.3
48 silly currentTree | +-- inherits@1.0.2
48 silly currentTree | +-- lodash@1.0.2
48 silly currentTree | `-- minimatch@0.2.14
48 silly currentTree +-- glogg@1.0.1
48 silly currentTree +-- graceful-fs@4.1.14
48 silly currentTree +-- gulp-autoprefixer@3.1.1
48 silly currentTree +-- gulp-plumber@1.2.0
48 silly currentTree +-- gulp-sass@2.3.2
48 silly currentTree +-- gulp-util@3.0.8
48 silly currentTree +-- gulp-watch@4.3.11
48 silly currentTree | +-- anymatch@1.3.2
48 silly currentTree | +-- chokidar@1.7.0
48 silly currentTree | | `-- glob-parent@2.0.0
48 silly currentTree | +-- is-extglob@1.0.0
48 silly currentTree | +-- is-glob@2.0.1
48 silly currentTree | +-- object-assign@4.1.1
48 silly currentTree | `-- vinyl@1.2.0
48 silly currentTree +-- gulp@3.9.1
48 silly currentTree | `-- semver@4.3.6
48 silly currentTree +-- gulplog@1.0.0
48 silly currentTree +-- har-schema@2.0.0
48 silly currentTree +-- har-validator@5.1.0
48 silly currentTree +-- has-ansi@2.0.0
48 silly currentTree +-- has-binary2@1.0.3
48 silly currentTree +-- has-cors@1.1.0
48 silly currentTree +-- has-flag@1.0.0
48 silly currentTree +-- has-gulplog@0.1.0
48 silly currentTree +-- has-unicode@2.0.1
48 silly currentTree +-- has-value@1.0.0
48 silly currentTree +-- has-values@1.0.0
48 silly currentTree | `-- kind-of@4.0.0
48 silly currentTree +-- homedir-polyfill@1.0.1
48 silly currentTree +-- hosted-git-info@2.7.1
48 silly currentTree +-- http-errors@1.6.3
48 silly currentTree | `-- statuses@1.5.0
48 silly currentTree +-- http-proxy@1.15.2
48 silly currentTree +-- http-signature@1.2.0
48 silly currentTree +-- iconv-lite@0.4.23
48 silly currentTree +-- immutable@3.8.2
48 silly currentTree +-- in-publish@2.0.0
48 silly currentTree +-- indent-string@2.1.0
48 silly currentTree +-- indexof@0.0.1
48 silly currentTree +-- inflight@1.0.6
48 silly currentTree +-- inherits@2.0.3
48 silly currentTree +-- ini@1.3.5
48 silly currentTree +-- interpret@1.1.0
48 silly currentTree +-- invert-kv@1.0.0
48 silly currentTree +-- is-absolute@1.0.0
48 silly currentTree +-- is-accessor-descriptor@0.1.6
48 silly currentTree | `-- kind-of@3.2.2
48 silly currentTree +-- is-arrayish@0.2.1
48 silly currentTree +-- is-binary-path@1.0.1
48 silly currentTree +-- is-buffer@1.1.6
48 silly currentTree +-- is-builtin-module@1.0.0
48 silly currentTree +-- is-data-descriptor@0.1.4
48 silly currentTree | `-- kind-of@3.2.2
48 silly currentTree +-- is-descriptor@0.1.6
48 silly currentTree | `-- kind-of@5.1.0
48 silly currentTree +-- is-dotfile@1.0.3
48 silly currentTree +-- is-equal-shallow@0.1.3
48 silly currentTree +-- is-extendable@0.1.1
48 silly currentTree +-- is-extglob@2.1.1
48 silly currentTree +-- is-finite@1.0.2
48 silly currentTree +-- is-fullwidth-code-point@1.0.0
48 silly currentTree +-- is-glob@4.0.0
48 silly currentTree +-- is-number-like@1.0.8
48 silly currentTree +-- is-number@3.0.0
48 silly currentTree | `-- kind-of@3.2.2
48 silly currentTree +-- is-plain-object@2.0.4
48 silly currentTree +-- is-posix-bracket@0.1.1
48 silly currentTree +-- is-primitive@2.0.0
48 silly currentTree +-- is-relative@1.0.0
48 silly currentTree +-- is-typedarray@1.0.0
48 silly currentTree +-- is-unc-path@1.0.0
48 silly currentTree +-- is-utf8@0.2.1
48 silly currentTree +-- is-windows@1.0.2
48 silly currentTree +-- is-wsl@1.1.0
48 silly currentTree +-- isarray@2.0.1
48 silly currentTree +-- isexe@2.0.0
48 silly currentTree +-- isobject@3.0.1
48 silly currentTree +-- isstream@0.1.2
48 silly currentTree +-- js-base64@2.4.9
48 silly currentTree +-- jsbn@0.1.1
48 silly currentTree +-- json-schema-traverse@0.3.1
48 silly currentTree +-- json-schema@0.2.3
48 silly currentTree +-- json-stringify-safe@5.0.1
48 silly currentTree +-- jsonfile@3.0.1
48 silly currentTree +-- jsprim@1.4.1
48 silly currentTree +-- kind-of@6.0.2
48 silly currentTree +-- lcid@1.0.0
48 silly currentTree +-- liftoff@2.5.0
48 silly currentTree +-- limiter@1.1.3
48 silly currentTree +-- load-json-file@1.1.0
48 silly currentTree +-- localtunnel@1.9.1
48 silly currentTree | +-- debug@2.6.9
48 silly currentTree | `-- yargs@6.6.0
48 silly currentTree +-- lodash._basecopy@3.0.1
48 silly currentTree +-- lodash._basetostring@3.0.1
48 silly currentTree +-- lodash._basevalues@3.0.0
48 silly currentTree +-- lodash._getnative@3.9.1
48 silly currentTree +-- lodash._isiterateecall@3.0.9
48 silly currentTree +-- lodash._reescape@3.0.0
48 silly currentTree +-- lodash._reevaluate@3.0.0
48 silly currentTree +-- lodash._reinterpolate@3.0.0
48 silly currentTree +-- lodash._root@3.0.1
48 silly currentTree +-- lodash.assign@4.2.0
48 silly currentTree +-- lodash.clonedeep@4.5.0
48 silly currentTree +-- lodash.debounce@4.0.8
48 silly currentTree +-- lodash.escape@3.2.0
48 silly currentTree +-- lodash.isarguments@3.1.0
48 silly currentTree +-- lodash.isarray@3.0.4
48 silly currentTree +-- lodash.isfinite@3.3.2
48 silly currentTree +-- lodash.keys@3.1.2
48 silly currentTree +-- lodash.restparam@3.6.1
48 silly currentTree +-- lodash.template@3.6.2
48 silly currentTree +-- lodash.templatesettings@3.1.1
48 silly currentTree +-- lodash@4.17.11
48 silly currentTree +-- loud-rejection@1.6.0
48 silly currentTree +-- lru-cache@2.7.3
48 silly currentTree +-- make-iterator@1.0.1
48 silly currentTree +-- map-cache@0.2.2
48 silly currentTree +-- map-obj@1.0.1
48 silly currentTree +-- map-visit@1.0.0
48 silly currentTree +-- math-random@1.0.1
48 silly currentTree +-- meow@3.7.0
48 silly currentTree | `-- object-assign@4.1.1
48 silly currentTree +-- micromatch@2.3.11
48 silly currentTree | +-- arr-diff@2.0.0
48 silly currentTree | +-- array-unique@0.2.1
48 silly currentTree | +-- braces@1.8.5
48 silly currentTree | +-- expand-brackets@0.1.5
48 silly currentTree | +-- extglob@0.3.2
48 silly currentTree | +-- is-extglob@1.0.0
48 silly currentTree | +-- is-glob@2.0.1
48 silly currentTree | `-- kind-of@3.2.2
48 silly currentTree +-- mime-db@1.37.0
48 silly currentTree +-- mime-types@2.1.21
48 silly currentTree +-- mime@1.4.1
48 silly currentTree +-- minimatch@3.0.4
48 silly currentTree +-- minimist@1.2.0
48 silly currentTree +-- mitt@1.1.3
48 silly currentTree +-- mixin-deep@1.3.1
48 silly currentTree | `-- is-extendable@1.0.1
48 silly currentTree +-- mkdirp@0.5.1
48 silly currentTree | `-- minimist@0.0.8
48 silly currentTree +-- ms@2.0.0
48 silly currentTree +-- multipipe@0.1.2
48 silly currentTree +-- nan@2.11.1
48 silly currentTree +-- nanomatch@1.2.13
48 silly currentTree +-- natives@1.1.6
48 silly currentTree +-- negotiator@0.6.1
48 silly currentTree +-- node-gyp@3.8.0
48 silly currentTree | +-- glob@7.1.3
48 silly currentTree | `-- semver@5.3.0
48 silly currentTree +-- node-sass-globbing@0.0.23
48 silly currentTree | `-- glob@5.0.15
48 silly currentTree +-- node-sass@3.13.1
48 silly currentTree | +-- gaze@1.1.3
48 silly currentTree | +-- glob@7.1.3
48 silly currentTree | `-- globule@1.2.1
48 silly currentTree +-- nopt@3.0.6
48 silly currentTree +-- normalize-package-data@2.4.0
48 silly currentTree +-- normalize-path@2.1.1
48 silly currentTree +-- normalize-range@0.1.2
48 silly currentTree +-- npmlog@4.1.2
48 silly currentTree +-- num2fraction@1.2.2
48 silly currentTree +-- number-is-nan@1.0.1
48 silly currentTree +-- oauth-sign@0.9.0
48 silly currentTree +-- object-assign@3.0.0
48 silly currentTree +-- object-component@0.0.3
48 silly currentTree +-- object-copy@0.1.0
48 silly currentTree | +-- define-property@0.2.5
48 silly currentTree | `-- kind-of@3.2.2
48 silly currentTree +-- object-path@0.9.2
48 silly currentTree +-- object-visit@1.0.1
48 silly currentTree +-- object.defaults@1.1.0
48 silly currentTree | `-- for-own@1.0.0
48 silly currentTree +-- object.map@1.0.1
48 silly currentTree | `-- for-own@1.0.0
48 silly currentTree +-- object.omit@2.0.1
48 silly currentTree +-- object.pick@1.3.0
48 silly currentTree +-- on-finished@2.3.0
48 silly currentTree +-- once@1.3.3
48 silly currentTree +-- openurl@1.1.1
48 silly currentTree +-- opn@5.3.0
48 silly currentTree +-- orchestrator@0.3.8
48 silly currentTree +-- ordered-read-streams@0.1.0
48 silly currentTree +-- os-homedir@1.0.2
48 silly currentTree +-- os-locale@1.4.0
48 silly currentTree +-- os-tmpdir@1.0.2
48 silly currentTree +-- osenv@0.1.5
48 silly currentTree +-- parse-filepath@1.0.2
48 silly currentTree +-- parse-glob@3.0.4
48 silly currentTree | +-- is-extglob@1.0.0
48 silly currentTree | `-- is-glob@2.0.1
48 silly currentTree +-- parse-json@2.2.0
48 silly currentTree +-- parse-passwd@1.0.0
48 silly currentTree +-- parseqs@0.0.5
48 silly currentTree +-- parseuri@0.0.5
48 silly currentTree +-- parseurl@1.3.2
48 silly currentTree +-- pascalcase@0.1.1
48 silly currentTree +-- path-dirname@1.0.2
48 silly currentTree +-- path-exists@2.1.0
48 silly currentTree +-- path-is-absolute@1.0.1
48 silly currentTree +-- path-parse@1.0.6
48 silly currentTree +-- path-root-regex@0.1.2
48 silly currentTree +-- path-root@0.1.1
48 silly currentTree +-- path-type@1.1.0
48 silly currentTree +-- performance-now@2.1.0
48 silly currentTree +-- pify@2.3.0
48 silly currentTree +-- pinkie-promise@2.0.1
48 silly currentTree +-- pinkie@2.0.4
48 silly currentTree +-- plugin-error@0.1.2
48 silly currentTree | +-- arr-diff@1.1.0
48 silly currentTree | +-- arr-union@2.1.0
48 silly currentTree | +-- array-slice@0.2.3
48 silly currentTree | +-- extend-shallow@1.1.4
48 silly currentTree | `-- kind-of@1.1.0
48 silly currentTree +-- portscanner@2.1.1
48 silly currentTree +-- posix-character-classes@0.1.1
48 silly currentTree +-- postcss-value-parser@3.3.1
48 silly currentTree +-- postcss@5.2.18
48 silly currentTree | `-- supports-color@3.2.3
48 silly currentTree +-- preserve@0.2.0
48 silly currentTree +-- pretty-hrtime@1.0.3
48 silly currentTree +-- process-nextick-args@2.0.0
48 silly currentTree +-- pseudomap@1.0.2
48 silly currentTree +-- psl@1.1.29
48 silly currentTree +-- punycode@1.4.1
48 silly currentTree +-- qs@6.2.3
48 silly currentTree +-- randomatic@3.1.1
48 silly currentTree | `-- is-number@4.0.0
48 silly currentTree +-- range-parser@1.2.0
48 silly currentTree +-- raw-body@2.3.3
48 silly currentTree +-- read-pkg-up@1.0.1
48 silly currentTree +-- read-pkg@1.1.0
48 silly currentTree +-- readable-stream@2.3.6
48 silly currentTree | `-- isarray@1.0.0
48 silly currentTree +-- readdirp@2.2.1
48 silly currentTree | `-- micromatch@3.1.10
48 silly currentTree +-- rechoir@0.6.2
48 silly currentTree +-- redent@1.0.0
48 silly currentTree +-- regex-cache@0.4.4
48 silly currentTree +-- regex-not@1.0.2
48 silly currentTree +-- remove-trailing-separator@1.1.0
48 silly currentTree +-- repeat-element@1.1.3
48 silly currentTree +-- repeat-string@1.6.1
48 silly currentTree +-- repeating@2.0.1
48 silly currentTree +-- replace-ext@0.0.1
48 silly currentTree +-- request@2.88.0
48 silly currentTree | `-- qs@6.5.2
48 silly currentTree +-- require-directory@2.1.1
48 silly currentTree +-- require-main-filename@1.0.1
48 silly currentTree +-- requires-port@1.0.0
48 silly currentTree +-- resolve-dir@1.0.1
48 silly currentTree +-- resolve-url@0.2.1
48 silly currentTree +-- resolve@1.8.1
48 silly currentTree +-- resp-modifier@6.0.2
48 silly currentTree | `-- debug@2.6.9
48 silly currentTree +-- ret@0.1.15
48 silly currentTree +-- rimraf@2.6.2
48 silly currentTree | `-- glob@7.1.3
48 silly currentTree +-- rx@4.1.0
48 silly currentTree +-- rxjs@5.5.12
48 silly currentTree +-- safe-buffer@5.1.2
48 silly currentTree +-- safe-regex@1.1.0
48 silly currentTree +-- safer-buffer@2.1.2
48 silly currentTree +-- sass-graph@2.2.4
48 silly currentTree | +-- glob@7.1.3
48 silly currentTree | +-- yargs-parser@5.0.0
48 silly currentTree | `-- yargs@7.1.0
48 silly currentTree +-- scss-tokenizer@0.2.3
48 silly currentTree | `-- source-map@0.4.4
48 silly currentTree +-- semver@5.6.0
48 silly currentTree +-- send@0.16.2
48 silly currentTree | +-- debug@2.6.9
48 silly currentTree | `-- statuses@1.4.0
48 silly currentTree +-- sequencify@0.0.7
48 silly currentTree +-- serve-index@1.9.1
48 silly currentTree | `-- debug@2.6.9
48 silly currentTree +-- serve-static@1.13.2
48 silly currentTree +-- server-destroy@1.0.1
48 silly currentTree +-- set-blocking@2.0.0
48 silly currentTree +-- set-value@2.0.0
48 silly currentTree | `-- extend-shallow@2.0.1
48 silly currentTree +-- setprototypeof@1.1.0
48 silly currentTree +-- sigmund@1.0.1
48 silly currentTree +-- signal-exit@3.0.2
48 silly currentTree +-- slash@1.0.0
48 silly currentTree +-- snapdragon-node@2.1.1
48 silly currentTree | +-- define-property@1.0.0
48 silly currentTree | +-- is-accessor-descriptor@1.0.0
48 silly currentTree | +-- is-data-descriptor@1.0.0
48 silly currentTree | `-- is-descriptor@1.0.2
48 silly currentTree +-- snapdragon-util@3.0.1
48 silly currentTree | `-- kind-of@3.2.2
48 silly currentTree +-- snapdragon@0.8.2
48 silly currentTree | +-- debug@2.6.9
48 silly currentTree | +-- define-property@0.2.5
48 silly currentTree | `-- extend-shallow@2.0.1
48 silly currentTree +-- socket.io-adapter@1.1.1
48 silly currentTree +-- socket.io-client@2.1.1
48 silly currentTree +-- socket.io-parser@3.2.0
48 silly currentTree +-- socket.io@2.1.1
48 silly currentTree +-- source-map-resolve@0.5.2
48 silly currentTree +-- source-map-url@0.4.0
48 silly currentTree +-- source-map@0.5.7
48 silly currentTree +-- sparkles@1.0.1
48 silly currentTree +-- spdx-correct@3.0.2
48 silly currentTree +-- spdx-exceptions@2.2.0
48 silly currentTree +-- spdx-expression-parse@3.0.0
48 silly currentTree +-- spdx-license-ids@3.0.2
48 silly currentTree +-- split-string@3.1.0
48 silly currentTree +-- sshpk@1.15.2
48 silly currentTree +-- static-extend@0.1.2
48 silly currentTree | `-- define-property@0.2.5
48 silly currentTree +-- statuses@1.3.1
48 silly currentTree +-- stream-consume@0.1.1
48 silly currentTree +-- stream-throttle@0.1.3
48 silly currentTree +-- string_decoder@1.1.1
48 silly currentTree +-- string-width@1.0.2
48 silly currentTree +-- strip-ansi@3.0.1
48 silly currentTree +-- strip-bom-stream@2.0.0
48 silly currentTree | `-- first-chunk-stream@2.0.0
48 silly currentTree +-- strip-bom@2.0.0
48 silly currentTree +-- strip-indent@1.0.1
48 silly currentTree +-- supports-color@2.0.0
48 silly currentTree +-- symbol-observable@1.0.1
48 silly currentTree +-- tar@2.2.1
48 silly currentTree +-- tfunk@3.1.0
48 silly currentTree +-- through2@2.0.3
48 silly currentTree +-- tildify@1.2.0
48 silly currentTree +-- time-stamp@1.1.0
48 silly currentTree +-- to-array@0.1.4
48 silly currentTree +-- to-object-path@0.3.0
48 silly currentTree | `-- kind-of@3.2.2
48 silly currentTree +-- to-regex-range@2.1.1
48 silly currentTree +-- to-regex@3.0.2
48 silly currentTree +-- tough-cookie@2.4.3
48 silly currentTree +-- trim-newlines@1.0.0
48 silly currentTree +-- tunnel-agent@0.6.0
48 silly currentTree +-- tweetnacl@0.14.5
48 silly currentTree +-- ua-parser-js@0.7.17
48 silly currentTree +-- ultron@1.1.1
48 silly currentTree +-- unc-path-regex@0.1.2
48 silly currentTree +-- union-value@1.0.0
48 silly currentTree | +-- extend-shallow@2.0.1
48 silly currentTree | `-- set-value@0.4.3
48 silly currentTree +-- unique-stream@1.0.0
48 silly currentTree +-- universalify@0.1.2
48 silly currentTree +-- unpipe@1.0.0
48 silly currentTree +-- unset-value@1.0.0
48 silly currentTree | +-- has-value@0.3.1
48 silly currentTree | | `-- isobject@2.1.0
48 silly currentTree | +-- has-values@0.1.4
48 silly currentTree | `-- isarray@1.0.0
48 silly currentTree +-- upath@1.1.0
48 silly currentTree +-- urix@0.1.0
48 silly currentTree +-- use@3.1.1
48 silly currentTree +-- user-home@1.1.1
48 silly currentTree +-- util-deprecate@1.0.2
48 silly currentTree +-- utils-merge@1.0.1
48 silly currentTree +-- uuid@3.3.2
48 silly currentTree +-- v8flags@2.1.1
48 silly currentTree +-- validate-npm-package-license@3.0.4
48 silly currentTree +-- verror@1.10.0
48 silly currentTree +-- vinyl-file@2.0.0
48 silly currentTree | `-- vinyl@1.2.0
48 silly currentTree +-- vinyl-fs@0.3.14
48 silly currentTree | +-- clone@0.2.0
48 silly currentTree | +-- graceful-fs@3.0.11
48 silly currentTree | +-- isarray@0.0.1
48 silly currentTree | +-- readable-stream@1.0.34
48 silly currentTree | +-- string_decoder@0.10.31
48 silly currentTree | +-- strip-bom@1.0.0
48 silly currentTree | +-- through2@0.6.5
48 silly currentTree | `-- vinyl@0.4.6
48 silly currentTree +-- vinyl-sourcemaps-apply@0.2.1
48 silly currentTree +-- vinyl@0.5.3
48 silly currentTree +-- which-module@1.0.0
48 silly currentTree +-- which@1.3.1
48 silly currentTree +-- wide-align@1.1.3
48 silly currentTree +-- window-size@0.2.0
48 silly currentTree +-- wrap-ansi@2.1.0
48 silly currentTree +-- wrappy@1.0.2
48 silly currentTree +-- ws@3.3.3
48 silly currentTree +-- xmlhttprequest-ssl@1.5.5
48 silly currentTree +-- xtend@4.0.1
48 silly currentTree +-- y18n@3.2.1
48 silly currentTree +-- yallist@2.1.2
48 silly currentTree +-- yargs-parser@4.2.1
48 silly currentTree +-- yargs@6.4.0
48 silly currentTree `-- yeast@0.1.2
49 silly idealTree vpba_gulp@1.0.0
49 silly idealTree +-- abbrev@1.1.1
49 silly idealTree +-- accepts@1.3.5
49 silly idealTree +-- after@0.8.2
49 silly idealTree +-- ajv@5.5.2
49 silly idealTree +-- amdefine@1.0.1
49 silly idealTree +-- ansi-cyan@0.1.1
49 silly idealTree +-- ansi-gray@0.1.1
49 silly idealTree +-- ansi-red@0.1.1
49 silly idealTree +-- ansi-regex@2.1.1
49 silly idealTree +-- ansi-styles@2.2.1
49 silly idealTree +-- ansi-wrap@0.1.0
49 silly idealTree +-- anymatch@2.0.0
49 silly idealTree | `-- micromatch@3.1.10
49 silly idealTree +-- aproba@1.2.0
49 silly idealTree +-- archy@1.0.0
49 silly idealTree +-- are-we-there-yet@1.1.5
49 silly idealTree +-- arr-diff@4.0.0
49 silly idealTree +-- arr-flatten@1.1.0
49 silly idealTree +-- arr-union@3.1.0
49 silly idealTree +-- array-differ@1.0.0
49 silly idealTree +-- array-each@1.0.1
49 silly idealTree +-- array-find-index@1.0.2
49 silly idealTree +-- array-slice@1.1.0
49 silly idealTree +-- array-uniq@1.0.3
49 silly idealTree +-- array-unique@0.3.2
49 silly idealTree +-- arraybuffer.slice@0.0.7
49 silly idealTree +-- asn1@0.2.4
49 silly idealTree +-- assert-plus@1.0.0
49 silly idealTree +-- assign-symbols@1.0.0
49 silly idealTree +-- async-each-series@0.1.1
49 silly idealTree +-- async-each@1.0.1
49 silly idealTree +-- async-foreach@0.1.3
49 silly idealTree +-- async-limiter@1.0.0
49 silly idealTree +-- async@1.5.2
49 silly idealTree +-- asynckit@0.4.0
49 silly idealTree +-- atob@2.1.2
49 silly idealTree +-- autoprefixer@6.7.7
49 silly idealTree +-- aws-sign2@0.7.0
49 silly idealTree +-- aws4@1.8.0
49 silly idealTree +-- axios@0.17.1
49 silly idealTree +-- backo2@1.0.2
49 silly idealTree +-- balanced-match@1.0.0
49 silly idealTree +-- base@0.11.2
49 silly idealTree | +-- define-property@1.0.0
49 silly idealTree | +-- is-accessor-descriptor@1.0.0
49 silly idealTree | +-- is-data-descriptor@1.0.0
49 silly idealTree | `-- is-descriptor@1.0.2
49 silly idealTree +-- base64-arraybuffer@0.1.5
49 silly idealTree +-- base64id@1.0.0
49 silly idealTree +-- batch@0.6.1
49 silly idealTree +-- bcrypt-pbkdf@1.0.2
49 silly idealTree +-- beeper@1.1.1
49 silly idealTree +-- better-assert@1.0.2
49 silly idealTree +-- binary-extensions@1.12.0
49 silly idealTree +-- blob@0.0.5
49 silly idealTree +-- block-stream@0.0.9
49 silly idealTree +-- brace-expansion@1.1.11
49 silly idealTree +-- braces@2.3.2
49 silly idealTree | `-- extend-shallow@2.0.1
49 silly idealTree +-- breakpoint-sass@2.7.1
49 silly idealTree +-- browser-sync-client@2.26.2
49 silly idealTree +-- browser-sync-ui@2.26.2
49 silly idealTree +-- browser-sync@2.26.3
49 silly idealTree +-- browserslist@1.7.7
49 silly idealTree +-- bs-recipes@1.3.4
49 silly idealTree +-- bs-snippet-injector@2.0.1
49 silly idealTree +-- builtin-modules@1.1.1
49 silly idealTree +-- bytes@3.0.0
49 silly idealTree +-- cache-base@1.0.1
49 silly idealTree +-- callsite@1.0.0
49 silly idealTree +-- camelcase-keys@2.1.0
49 silly idealTree | `-- camelcase@2.1.1
49 silly idealTree +-- camelcase@3.0.0
49 silly idealTree +-- caniuse-db@1.0.30000904
49 silly idealTree +-- caseless@0.12.0
49 silly idealTree +-- chalk@1.1.3
49 silly idealTree +-- chokidar@2.0.4
49 silly idealTree +-- class-utils@0.3.6
49 silly idealTree | `-- define-property@0.2.5
49 silly idealTree +-- cliui@3.2.0
49 silly idealTree +-- clone-stats@0.0.1
49 silly idealTree +-- clone@1.0.4
49 silly idealTree +-- co@4.6.0
49 silly idealTree +-- code-point-at@1.1.0
49 silly idealTree +-- collection-visit@1.0.0
49 silly idealTree +-- color-support@1.1.3
49 silly idealTree +-- combined-stream@1.0.7
49 silly idealTree +-- commander@2.19.0
49 silly idealTree +-- compass-mixins@0.12.10
49 silly idealTree +-- component-bind@1.0.0
49 silly idealTree +-- component-emitter@1.2.1
49 silly idealTree +-- component-inherit@0.0.3
49 silly idealTree +-- concat-map@0.0.1
49 silly idealTree +-- connect-history-api-fallback@1.5.0
49 silly idealTree +-- connect@3.6.6
49 silly idealTree | `-- debug@2.6.9
49 silly idealTree +-- console-control-strings@1.1.0
49 silly idealTree +-- cookie@0.3.1
49 silly idealTree +-- copy-descriptor@0.1.1
49 silly idealTree +-- core-util-is@1.0.2
49 silly idealTree +-- cross-spawn@3.0.1
49 silly idealTree | `-- lru-cache@4.1.3
49 silly idealTree +-- currently-unhandled@0.4.1
49 silly idealTree +-- dashdash@1.14.1
49 silly idealTree +-- dateformat@2.2.0
49 silly idealTree +-- debug@3.1.0
49 silly idealTree +-- decamelize@1.2.0
49 silly idealTree +-- decode-uri-component@0.2.0
49 silly idealTree +-- defaults@1.0.3
49 silly idealTree +-- define-property@2.0.2
49 silly idealTree | +-- is-accessor-descriptor@1.0.0
49 silly idealTree | +-- is-data-descriptor@1.0.0
49 silly idealTree | `-- is-descriptor@1.0.2
49 silly idealTree +-- delayed-stream@1.0.0
49 silly idealTree +-- delegates@1.0.0
49 silly idealTree +-- depd@1.1.2
49 silly idealTree +-- deprecated@0.0.1
49 silly idealTree +-- destroy@1.0.4
49 silly idealTree +-- detect-file@1.0.0
49 silly idealTree +-- dev-ip@1.0.1
49 silly idealTree +-- duplexer2@0.0.2
49 silly idealTree | +-- isarray@0.0.1
49 silly idealTree | +-- readable-stream@1.1.14
49 silly idealTree | `-- string_decoder@0.10.31
49 silly idealTree +-- easy-extender@2.3.4
49 silly idealTree +-- eazy-logger@3.0.2
49 silly idealTree +-- ecc-jsbn@0.1.2
49 silly idealTree +-- ee-first@1.1.1
49 silly idealTree +-- electron-to-chromium@1.3.83
49 silly idealTree +-- encodeurl@1.0.2
49 silly idealTree +-- end-of-stream@0.1.5
49 silly idealTree +-- engine.io-client@3.2.1
49 silly idealTree +-- engine.io-parser@2.1.3
49 silly idealTree +-- engine.io@3.2.1
49 silly idealTree +-- error-ex@1.3.2
49 silly idealTree +-- escape-html@1.0.3
49 silly idealTree +-- escape-string-regexp@1.0.5
49 silly idealTree +-- etag@1.8.1
49 silly idealTree +-- eventemitter3@1.2.0
49 silly idealTree +-- expand-brackets@2.1.4
49 silly idealTree | +-- debug@2.6.9
49 silly idealTree | +-- define-property@0.2.5
49 silly idealTree | `-- extend-shallow@2.0.1
49 silly idealTree +-- expand-range@1.8.2
49 silly idealTree | +-- fill-range@2.2.4
49 silly idealTree | +-- is-number@2.1.0
49 silly idealTree | +-- isarray@1.0.0
49 silly idealTree | +-- isobject@2.1.0
49 silly idealTree | `-- kind-of@3.2.2
49 silly idealTree +-- expand-tilde@2.0.2
49 silly idealTree +-- extend-shallow@3.0.2
49 silly idealTree | `-- is-extendable@1.0.1
49 silly idealTree +-- extend@3.0.2
49 silly idealTree +-- extglob@2.0.4
49 silly idealTree | +-- define-property@1.0.0
49 silly idealTree | +-- extend-shallow@2.0.1
49 silly idealTree | +-- is-accessor-descriptor@1.0.0
49 silly idealTree | +-- is-data-descriptor@1.0.0
49 silly idealTree | `-- is-descriptor@1.0.2
49 silly idealTree +-- extsprintf@1.3.0
49 silly idealTree +-- fancy-log@1.3.2
49 silly idealTree +-- fast-deep-equal@1.1.0
49 silly idealTree +-- fast-json-stable-stringify@2.0.0
49 silly idealTree +-- filename-regex@2.0.1
49 silly idealTree +-- fill-range@4.0.0
49 silly idealTree | `-- extend-shallow@2.0.1
49 silly idealTree +-- finalhandler@1.1.0
49 silly idealTree | `-- debug@2.6.9
49 silly idealTree +-- find-index@0.1.1
49 silly idealTree +-- find-up@1.1.2
49 silly idealTree +-- findup-sync@2.0.0
49 silly idealTree | +-- is-glob@3.1.0
49 silly idealTree | `-- micromatch@3.1.10
49 silly idealTree +-- fined@1.1.0
49 silly idealTree +-- first-chunk-stream@1.0.0
49 silly idealTree +-- flagged-respawn@1.0.0
49 silly idealTree +-- follow-redirects@1.5.9
49 silly idealTree +-- for-in@1.0.2
49 silly idealTree +-- for-own@0.1.5
49 silly idealTree +-- forever-agent@0.6.1
49 silly idealTree +-- form-data@2.3.3
49 silly idealTree +-- fragment-cache@0.2.1
49 silly idealTree +-- fresh@0.5.2
49 silly idealTree +-- fs-extra@3.0.1
49 silly idealTree +-- fs.realpath@1.0.0
49 silly idealTree +-- fstream@1.0.11
49 silly idealTree +-- gauge@2.7.4
49 silly idealTree | `-- object-assign@4.1.1
49 silly idealTree +-- gaze@0.5.2
49 silly idealTree +-- get-caller-file@1.0.3
49 silly idealTree +-- get-stdin@4.0.1
49 silly idealTree +-- get-value@2.0.6
49 silly idealTree +-- getpass@0.1.7
49 silly idealTree +-- glob-base@0.3.0
49 silly idealTree | +-- glob-parent@2.0.0
49 silly idealTree | +-- is-extglob@1.0.0
49 silly idealTree | `-- is-glob@2.0.1
49 silly idealTree +-- glob-parent@3.1.0
49 silly idealTree | `-- is-glob@3.1.0
49 silly idealTree +-- glob-stream@3.1.18
49 silly idealTree | +-- isarray@0.0.1
49 silly idealTree | +-- minimatch@2.0.10
49 silly idealTree | +-- readable-stream@1.0.34
49 silly idealTree | +-- string_decoder@0.10.31
49 silly idealTree | `-- through2@0.6.5
49 silly idealTree +-- glob-watcher@0.0.6
49 silly idealTree +-- glob@4.5.3
49 silly idealTree | `-- minimatch@2.0.10
49 silly idealTree +-- glob2base@0.0.12
49 silly idealTree +-- global-modules@1.0.0
49 silly idealTree +-- global-prefix@1.0.2
49 silly idealTree +-- globule@0.1.0
49 silly idealTree | +-- glob@3.1.21
49 silly idealTree | +-- graceful-fs@1.2.3
49 silly idealTree | +-- inherits@1.0.2
49 silly idealTree | +-- lodash@1.0.2
49 silly idealTree | `-- minimatch@0.2.14
49 silly idealTree +-- glogg@1.0.1
49 silly idealTree +-- graceful-fs@4.1.14
49 silly idealTree +-- gulp-autoprefixer@3.1.1
49 silly idealTree +-- gulp-plumber@1.2.0
49 silly idealTree +-- gulp-sass@2.3.2
49 silly idealTree +-- gulp-util@3.0.8
49 silly idealTree +-- gulp-watch@4.3.11
49 silly idealTree | +-- anymatch@1.3.2
49 silly idealTree | +-- chokidar@1.7.0
49 silly idealTree | | `-- glob-parent@2.0.0
49 silly idealTree | +-- is-extglob@1.0.0
49 silly idealTree | +-- is-glob@2.0.1
49 silly idealTree | +-- object-assign@4.1.1
49 silly idealTree | `-- vinyl@1.2.0
49 silly idealTree +-- gulp@3.9.1
49 silly idealTree | `-- semver@4.3.6
49 silly idealTree +-- gulplog@1.0.0
49 silly idealTree +-- har-schema@2.0.0
49 silly idealTree +-- har-validator@5.1.0
49 silly idealTree +-- has-ansi@2.0.0
49 silly idealTree +-- has-binary2@1.0.3
49 silly idealTree +-- has-cors@1.1.0
49 silly idealTree +-- has-flag@1.0.0
49 silly idealTree +-- has-gulplog@0.1.0
49 silly idealTree +-- has-unicode@2.0.1
49 silly idealTree +-- has-value@1.0.0
49 silly idealTree +-- has-values@1.0.0
49 silly idealTree | `-- kind-of@4.0.0
49 silly idealTree +-- homedir-polyfill@1.0.1
49 silly idealTree +-- hosted-git-info@2.7.1
49 silly idealTree +-- http-errors@1.6.3
49 silly idealTree | `-- statuses@1.5.0
49 silly idealTree +-- http-proxy@1.15.2
49 silly idealTree +-- http-signature@1.2.0
49 silly idealTree +-- iconv-lite@0.4.23
49 silly idealTree +-- immutable@3.8.2
49 silly idealTree +-- in-publish@2.0.0
49 silly idealTree +-- indent-string@2.1.0
49 silly idealTree +-- indexof@0.0.1
49 silly idealTree +-- inflight@1.0.6
49 silly idealTree +-- inherits@2.0.3
49 silly idealTree +-- ini@1.3.5
49 silly idealTree +-- interpret@1.1.0
49 silly idealTree +-- invert-kv@1.0.0
49 silly idealTree +-- is-absolute@1.0.0
49 silly idealTree +-- is-accessor-descriptor@0.1.6
49 silly idealTree | `-- kind-of@3.2.2
49 silly idealTree +-- is-arrayish@0.2.1
49 silly idealTree +-- is-binary-path@1.0.1
49 silly idealTree +-- is-buffer@1.1.6
49 silly idealTree +-- is-builtin-module@1.0.0
49 silly idealTree +-- is-data-descriptor@0.1.4
49 silly idealTree | `-- kind-of@3.2.2
49 silly idealTree +-- is-descriptor@0.1.6
49 silly idealTree | `-- kind-of@5.1.0
49 silly idealTree +-- is-dotfile@1.0.3
49 silly idealTree +-- is-equal-shallow@0.1.3
49 silly idealTree +-- is-extendable@0.1.1
49 silly idealTree +-- is-extglob@2.1.1
49 silly idealTree +-- is-finite@1.0.2
49 silly idealTree +-- is-fullwidth-code-point@1.0.0
49 silly idealTree +-- is-glob@4.0.0
49 silly idealTree +-- is-number-like@1.0.8
49 silly idealTree +-- is-number@3.0.0
49 silly idealTree | `-- kind-of@3.2.2
49 silly idealTree +-- is-plain-object@2.0.4
49 silly idealTree +-- is-posix-bracket@0.1.1
49 silly idealTree +-- is-primitive@2.0.0
49 silly idealTree +-- is-relative@1.0.0
49 silly idealTree +-- is-typedarray@1.0.0
49 silly idealTree +-- is-unc-path@1.0.0
49 silly idealTree +-- is-utf8@0.2.1
49 silly idealTree +-- is-windows@1.0.2
49 silly idealTree +-- is-wsl@1.1.0
49 silly idealTree +-- isarray@2.0.1
49 silly idealTree +-- isexe@2.0.0
49 silly idealTree +-- isobject@3.0.1
49 silly idealTree +-- isstream@0.1.2
49 silly idealTree +-- js-base64@2.4.9
49 silly idealTree +-- jsbn@0.1.1
49 silly idealTree +-- json-schema-traverse@0.3.1
49 silly idealTree +-- json-schema@0.2.3
49 silly idealTree +-- json-stringify-safe@5.0.1
49 silly idealTree +-- jsonfile@3.0.1
49 silly idealTree +-- jsprim@1.4.1
49 silly idealTree +-- kind-of@6.0.2
49 silly idealTree +-- lcid@1.0.0
49 silly idealTree +-- liftoff@2.5.0
49 silly idealTree +-- limiter@1.1.3
49 silly idealTree +-- load-json-file@1.1.0
49 silly idealTree +-- localtunnel@1.9.1
49 silly idealTree | +-- debug@2.6.9
49 silly idealTree | `-- yargs@6.6.0
49 silly idealTree +-- lodash._basecopy@3.0.1
49 silly idealTree +-- lodash._basetostring@3.0.1
49 silly idealTree +-- lodash._basevalues@3.0.0
49 silly idealTree +-- lodash._getnative@3.9.1
49 silly idealTree +-- lodash._isiterateecall@3.0.9
49 silly idealTree +-- lodash._reescape@3.0.0
49 silly idealTree +-- lodash._reevaluate@3.0.0
49 silly idealTree +-- lodash._reinterpolate@3.0.0
49 silly idealTree +-- lodash._root@3.0.1
49 silly idealTree +-- lodash.assign@4.2.0
49 silly idealTree +-- lodash.clonedeep@4.5.0
49 silly idealTree +-- lodash.debounce@4.0.8
49 silly idealTree +-- lodash.escape@3.2.0
49 silly idealTree +-- lodash.isarguments@3.1.0
49 silly idealTree +-- lodash.isarray@3.0.4
49 silly idealTree +-- lodash.isfinite@3.3.2
49 silly idealTree +-- lodash.keys@3.1.2
49 silly idealTree +-- lodash.restparam@3.6.1
49 silly idealTree +-- lodash.template@3.6.2
49 silly idealTree +-- lodash.templatesettings@3.1.1
49 silly idealTree +-- lodash@4.17.11
49 silly idealTree +-- loud-rejection@1.6.0
49 silly idealTree +-- lru-cache@2.7.3
49 silly idealTree +-- make-iterator@1.0.1
49 silly idealTree +-- map-cache@0.2.2
49 silly idealTree +-- map-obj@1.0.1
49 silly idealTree +-- map-visit@1.0.0
49 silly idealTree +-- math-random@1.0.1
49 silly idealTree +-- meow@3.7.0
49 silly idealTree | `-- object-assign@4.1.1
49 silly idealTree +-- micromatch@2.3.11
49 silly idealTree | +-- arr-diff@2.0.0
49 silly idealTree | +-- array-unique@0.2.1
49 silly idealTree | +-- braces@1.8.5
49 silly idealTree | +-- expand-brackets@0.1.5
49 silly idealTree | +-- extglob@0.3.2
49 silly idealTree | +-- is-extglob@1.0.0
49 silly idealTree | +-- is-glob@2.0.1
49 silly idealTree | `-- kind-of@3.2.2
49 silly idealTree +-- mime-db@1.37.0
49 silly idealTree +-- mime-types@2.1.21
49 silly idealTree +-- mime@1.4.1
49 silly idealTree +-- minimatch@3.0.4
49 silly idealTree +-- minimist@1.2.0
49 silly idealTree +-- mitt@1.1.3
49 silly idealTree +-- mixin-deep@1.3.1
49 silly idealTree | `-- is-extendable@1.0.1
49 silly idealTree +-- mkdirp@0.5.1
49 silly idealTree | `-- minimist@0.0.8
49 silly idealTree +-- ms@2.0.0
49 silly idealTree +-- multipipe@0.1.2
49 silly idealTree +-- nan@2.11.1
49 silly idealTree +-- nanomatch@1.2.13
49 silly idealTree +-- natives@1.1.6
49 silly idealTree +-- negotiator@0.6.1
49 silly idealTree +-- node-gyp@3.8.0
49 silly idealTree | +-- glob@7.1.3
49 silly idealTree | `-- semver@5.3.0
49 silly idealTree +-- node-sass-globbing@0.0.23
49 silly idealTree | `-- glob@5.0.15
49 silly idealTree +-- node-sass@3.13.1
49 silly idealTree | +-- gaze@1.1.3
49 silly idealTree | +-- glob@7.1.3
49 silly idealTree | `-- globule@1.2.1
49 silly idealTree +-- nopt@3.0.6
49 silly idealTree +-- normalize-package-data@2.4.0
49 silly idealTree +-- normalize-path@2.1.1
49 silly idealTree +-- normalize-range@0.1.2
49 silly idealTree +-- npmlog@4.1.2
49 silly idealTree +-- num2fraction@1.2.2
49 silly idealTree +-- number-is-nan@1.0.1
49 silly idealTree +-- oauth-sign@0.9.0
49 silly idealTree +-- object-assign@3.0.0
49 silly idealTree +-- object-component@0.0.3
49 silly idealTree +-- object-copy@0.1.0
49 silly idealTree | +-- define-property@0.2.5
49 silly idealTree | `-- kind-of@3.2.2
49 silly idealTree +-- object-path@0.9.2
49 silly idealTree +-- object-visit@1.0.1
49 silly idealTree +-- object.defaults@1.1.0
49 silly idealTree | `-- for-own@1.0.0
49 silly idealTree +-- object.map@1.0.1
49 silly idealTree | `-- for-own@1.0.0
49 silly idealTree +-- object.omit@2.0.1
49 silly idealTree +-- object.pick@1.3.0
49 silly idealTree +-- on-finished@2.3.0
49 silly idealTree +-- once@1.3.3
49 silly idealTree +-- openurl@1.1.1
49 silly idealTree +-- opn@5.3.0
49 silly idealTree +-- orchestrator@0.3.8
49 silly idealTree +-- ordered-read-streams@0.1.0
49 silly idealTree +-- os-homedir@1.0.2
49 silly idealTree +-- os-locale@1.4.0
49 silly idealTree +-- os-tmpdir@1.0.2
49 silly idealTree +-- osenv@0.1.5
49 silly idealTree +-- parse-filepath@1.0.2
49 silly idealTree +-- parse-glob@3.0.4
49 silly idealTree | +-- is-extglob@1.0.0
49 silly idealTree | `-- is-glob@2.0.1
49 silly idealTree +-- parse-json@2.2.0
49 silly idealTree +-- parse-passwd@1.0.0
49 silly idealTree +-- parseqs@0.0.5
49 silly idealTree +-- parseuri@0.0.5
49 silly idealTree +-- parseurl@1.3.2
49 silly idealTree +-- pascalcase@0.1.1
49 silly idealTree +-- path-dirname@1.0.2
49 silly idealTree +-- path-exists@2.1.0
49 silly idealTree +-- path-is-absolute@1.0.1
49 silly idealTree +-- path-parse@1.0.6
49 silly idealTree +-- path-root-regex@0.1.2
49 silly idealTree +-- path-root@0.1.1
49 silly idealTree +-- path-type@1.1.0
49 silly idealTree +-- performance-now@2.1.0
49 silly idealTree +-- pify@2.3.0
49 silly idealTree +-- pinkie-promise@2.0.1
49 silly idealTree +-- pinkie@2.0.4
49 silly idealTree +-- plugin-error@0.1.2
49 silly idealTree | +-- arr-diff@1.1.0
49 silly idealTree | +-- arr-union@2.1.0
49 silly idealTree | +-- array-slice@0.2.3
49 silly idealTree | +-- extend-shallow@1.1.4
49 silly idealTree | `-- kind-of@1.1.0
49 silly idealTree +-- portscanner@2.1.1
49 silly idealTree +-- posix-character-classes@0.1.1
49 silly idealTree +-- postcss-value-parser@3.3.1
49 silly idealTree +-- postcss@5.2.18
49 silly idealTree | `-- supports-color@3.2.3
49 silly idealTree +-- preserve@0.2.0
49 silly idealTree +-- pretty-hrtime@1.0.3
49 silly idealTree +-- process-nextick-args@2.0.0
49 silly idealTree +-- pseudomap@1.0.2
49 silly idealTree +-- psl@1.1.29
49 silly idealTree +-- punycode@1.4.1
49 silly idealTree +-- qs@6.2.3
49 silly idealTree +-- randomatic@3.1.1
49 silly idealTree | `-- is-number@4.0.0
49 silly idealTree +-- range-parser@1.2.0
49 silly idealTree +-- raw-body@2.3.3
49 silly idealTree +-- read-pkg-up@1.0.1
49 silly idealTree +-- read-pkg@1.1.0
49 silly idealTree +-- readable-stream@2.3.6
49 silly idealTree | `-- isarray@1.0.0
49 silly idealTree +-- readdirp@2.2.1
49 silly idealTree | `-- micromatch@3.1.10
49 silly idealTree +-- rechoir@0.6.2
49 silly idealTree +-- redent@1.0.0
49 silly idealTree +-- regex-cache@0.4.4
49 silly idealTree +-- regex-not@1.0.2
49 silly idealTree +-- remove-trailing-separator@1.1.0
49 silly idealTree +-- repeat-element@1.1.3
49 silly idealTree +-- repeat-string@1.6.1
49 silly idealTree +-- repeating@2.0.1
49 silly idealTree +-- replace-ext@0.0.1
49 silly idealTree +-- request@2.88.0
49 silly idealTree | `-- qs@6.5.2
49 silly idealTree +-- require-directory@2.1.1
49 silly idealTree +-- require-main-filename@1.0.1
49 silly idealTree +-- requires-port@1.0.0
49 silly idealTree +-- resolve-dir@1.0.1
49 silly idealTree +-- resolve-url@0.2.1
49 silly idealTree +-- resolve@1.8.1
49 silly idealTree +-- resp-modifier@6.0.2
49 silly idealTree | `-- debug@2.6.9
49 silly idealTree +-- ret@0.1.15
49 silly idealTree +-- rimraf@2.6.2
49 silly idealTree | `-- glob@7.1.3
49 silly idealTree +-- rx@4.1.0
49 silly idealTree +-- rxjs@5.5.12
49 silly idealTree +-- safe-buffer@5.1.2
49 silly idealTree +-- safe-regex@1.1.0
49 silly idealTree +-- safer-buffer@2.1.2
49 silly idealTree +-- sass-graph@2.2.4
49 silly idealTree | +-- glob@7.1.3
49 silly idealTree | +-- yargs-parser@5.0.0
49 silly idealTree | `-- yargs@7.1.0
49 silly idealTree +-- scss-tokenizer@0.2.3
49 silly idealTree | `-- source-map@0.4.4
49 silly idealTree +-- semver@5.6.0
49 silly idealTree +-- send@0.16.2
49 silly idealTree | +-- debug@2.6.9
49 silly idealTree | `-- statuses@1.4.0
49 silly idealTree +-- sequencify@0.0.7
49 silly idealTree +-- serve-index@1.9.1
49 silly idealTree | `-- debug@2.6.9
49 silly idealTree +-- serve-static@1.13.2
49 silly idealTree +-- server-destroy@1.0.1
49 silly idealTree +-- set-blocking@2.0.0
49 silly idealTree +-- set-value@2.0.0
49 silly idealTree | `-- extend-shallow@2.0.1
49 silly idealTree +-- setprototypeof@1.1.0
49 silly idealTree +-- sigmund@1.0.1
49 silly idealTree +-- signal-exit@3.0.2
49 silly idealTree +-- slash@1.0.0
49 silly idealTree +-- snapdragon-node@2.1.1
49 silly idealTree | +-- define-property@1.0.0
49 silly idealTree | +-- is-accessor-descriptor@1.0.0
49 silly idealTree | +-- is-data-descriptor@1.0.0
49 silly idealTree | `-- is-descriptor@1.0.2
49 silly idealTree +-- snapdragon-util@3.0.1
49 silly idealTree | `-- kind-of@3.2.2
49 silly idealTree +-- snapdragon@0.8.2
49 silly idealTree | +-- debug@2.6.9
49 silly idealTree | +-- define-property@0.2.5
49 silly idealTree | `-- extend-shallow@2.0.1
49 silly idealTree +-- socket.io-adapter@1.1.1
49 silly idealTree +-- socket.io-client@2.1.1
49 silly idealTree +-- socket.io-parser@3.2.0
49 silly idealTree +-- socket.io@2.1.1
49 silly idealTree +-- source-map-resolve@0.5.2
49 silly idealTree +-- source-map-url@0.4.0
49 silly idealTree +-- source-map@0.5.7
49 silly idealTree +-- sparkles@1.0.1
49 silly idealTree +-- spdx-correct@3.0.2
49 silly idealTree +-- spdx-exceptions@2.2.0
49 silly idealTree +-- spdx-expression-parse@3.0.0
49 silly idealTree +-- spdx-license-ids@3.0.2
49 silly idealTree +-- split-string@3.1.0
49 silly idealTree +-- sshpk@1.15.2
49 silly idealTree +-- static-extend@0.1.2
49 silly idealTree | `-- define-property@0.2.5
49 silly idealTree +-- statuses@1.3.1
49 silly idealTree +-- stream-consume@0.1.1
49 silly idealTree +-- stream-throttle@0.1.3
49 silly idealTree +-- string_decoder@1.1.1
49 silly idealTree +-- string-width@1.0.2
49 silly idealTree +-- strip-ansi@3.0.1
49 silly idealTree +-- strip-bom-stream@2.0.0
49 silly idealTree | `-- first-chunk-stream@2.0.0
49 silly idealTree +-- strip-bom@2.0.0
49 silly idealTree +-- strip-indent@1.0.1
49 silly idealTree +-- supports-color@2.0.0
49 silly idealTree +-- symbol-observable@1.0.1
49 silly idealTree +-- tar@2.2.1
49 silly idealTree +-- tfunk@3.1.0
49 silly idealTree +-- through2@2.0.3
49 silly idealTree +-- tildify@1.2.0
49 silly idealTree +-- time-stamp@1.1.0
49 silly idealTree +-- to-array@0.1.4
49 silly idealTree +-- to-object-path@0.3.0
49 silly idealTree | `-- kind-of@3.2.2
49 silly idealTree +-- to-regex-range@2.1.1
49 silly idealTree +-- to-regex@3.0.2
49 silly idealTree +-- tough-cookie@2.4.3
49 silly idealTree +-- trim-newlines@1.0.0
49 silly idealTree +-- tunnel-agent@0.6.0
49 silly idealTree +-- tweetnacl@0.14.5
49 silly idealTree +-- ua-parser-js@0.7.17
49 silly idealTree +-- ultron@1.1.1
49 silly idealTree +-- unc-path-regex@0.1.2
49 silly idealTree +-- union-value@1.0.0
49 silly idealTree | +-- extend-shallow@2.0.1
49 silly idealTree | `-- set-value@0.4.3
49 silly idealTree +-- unique-stream@1.0.0
49 silly idealTree +-- universalify@0.1.2
49 silly idealTree +-- unpipe@1.0.0
49 silly idealTree +-- unset-value@1.0.0
49 silly idealTree | +-- has-value@0.3.1
49 silly idealTree | | `-- isobject@2.1.0
49 silly idealTree | +-- has-values@0.1.4
49 silly idealTree | `-- isarray@1.0.0
49 silly idealTree +-- upath@1.1.0
49 silly idealTree +-- urix@0.1.0
49 silly idealTree +-- use@3.1.1
49 silly idealTree +-- user-home@1.1.1
49 silly idealTree +-- util-deprecate@1.0.2
49 silly idealTree +-- utils-merge@1.0.1
49 silly idealTree +-- uuid@3.3.2
49 silly idealTree +-- v8flags@2.1.1
49 silly idealTree +-- validate-npm-package-license@3.0.4
49 silly idealTree +-- verror@1.10.0
49 silly idealTree +-- vinyl-file@2.0.0
49 silly idealTree | `-- vinyl@1.2.0
49 silly idealTree +-- vinyl-fs@0.3.14
49 silly idealTree | +-- clone@0.2.0
49 silly idealTree | +-- graceful-fs@3.0.11
49 silly idealTree | +-- isarray@0.0.1
49 silly idealTree | +-- readable-stream@1.0.34
49 silly idealTree | +-- string_decoder@0.10.31
49 silly idealTree | +-- strip-bom@1.0.0
49 silly idealTree | +-- through2@0.6.5
49 silly idealTree | `-- vinyl@0.4.6
49 silly idealTree +-- vinyl-sourcemaps-apply@0.2.1
49 silly idealTree +-- vinyl@0.5.3
49 silly idealTree +-- which-module@1.0.0
49 silly idealTree +-- which@1.3.1
49 silly idealTree +-- wide-align@1.1.3
49 silly idealTree +-- window-size@0.2.0
49 silly idealTree +-- wrap-ansi@2.1.0
49 silly idealTree +-- wrappy@1.0.2
49 silly idealTree +-- ws@3.3.3
49 silly idealTree +-- xmlhttprequest-ssl@1.5.5
49 silly idealTree +-- xtend@4.0.1
49 silly idealTree +-- y18n@3.2.1
49 silly idealTree +-- yallist@2.1.2
49 silly idealTree +-- yargs-parser@4.2.1
49 silly idealTree +-- yargs@6.4.0
49 silly idealTree `-- yeast@0.1.2
50 silly generateActionsToTake Starting
51 silly install generateActionsToTake
52 silly generateActionsToTake Finishing
53 silly diffTrees action count 0
54 silly decomposeActions action count 0
55 silly runTopLevelLifecycles Starting
56 silly install runPreinstallTopLevelLifecycles
57 silly preinstall vpba_gulp@1.0.0 D:\OSPanel\domains\vpba\web\themes\custom\vpba\vpba_gulp-a0d8ab62
58 info lifecycle vpba_gulp@1.0.0~preinstall: vpba_gulp@1.0.0
59 silly lifecycle vpba_gulp@1.0.0~preinstall: no script for preinstall, continuing
60 silly executeActions Starting
61 silly install executeActions
62 silly doSerial global-install 0
63 silly doParallel fetch 0
64 verbose correctMkdir C:\Users\User\AppData\Roaming\npm-cache\_locks correctMkdir not in flight; initializing
65 verbose lock using C:\Users\User\AppData\Roaming\npm-cache\_locks\staging-5a219c5718904400.lock for D:\OSPanel\domains\vpba\web\themes\custom\vpba\node_modules\.staging
66 silly doParallel extract 0
67 silly doParallel preinstall 0
68 silly doReverseSerial remove 0
69 silly doSerial move 0
70 silly doSerial finalize 0
71 silly doSerial build 0
72 silly doSerial global-link 0
73 silly doParallel update-linked 0
74 silly doSerial install 0
75 silly doSerial postinstall 0
76 verbose unlock done using C:\Users\User\AppData\Roaming\npm-cache\_locks\staging-5a219c5718904400.lock for D:\OSPanel\domains\vpba\web\themes\custom\vpba\node_modules\.staging
77 silly executeActions Finishing
78 silly rollbackFailedOptional Starting
79 silly rollbackFailedOptional Finishing
80 silly install runPostinstallTopLevelLifecycles
81 silly build vpba_gulp@1.0.0
82 info linkStuff vpba_gulp@1.0.0
83 silly linkStuff vpba_gulp@1.0.0 has D:\OSPanel\domains\vpba\web\themes\custom as its parent node_modules
84 verbose linkBins vpba_gulp@1.0.0
85 verbose linkMans vpba_gulp@1.0.0
86 silly install vpba_gulp@1.0.0 D:\OSPanel\domains\vpba\web\themes\custom\vpba\vpba_gulp-a0d8ab62
87 info lifecycle vpba_gulp@1.0.0~install: vpba_gulp@1.0.0
88 silly lifecycle vpba_gulp@1.0.0~install: no script for install, continuing
89 silly postinstall vpba_gulp@1.0.0 D:\OSPanel\domains\vpba\web\themes\custom\vpba\vpba_gulp-a0d8ab62
90 info lifecycle vpba_gulp@1.0.0~postinstall: vpba_gulp@1.0.0
91 verbose lifecycle vpba_gulp@1.0.0~postinstall: unsafe-perm in lifecycle true
92 verbose lifecycle vpba_gulp@1.0.0~postinstall: PATH: C:\Program Files\nodejs\node_modules\npm\bin\node-gyp-bin;D:\OSPanel\domains\vpba\web\themes\custom\vpba\node_modules\.bin;C:\Program Files\Broadcom\Broadcom 802.11;;;C:\Windows\system32;C:\Windows;C:\Windows\System32\Wbem;C:\Windows\System32\WindowsPowerShell\v1.0\;C:\Program Files (x86)\QuickTime\QTSystem\;D:\OSPanel\modules\drush;C:\Program Files\nodejs\;D:\OSPanel\Drush\;D:\OSPanel\modules\php\PHP-7.2-x64;C:\ProgramData\ComposerSetup\bin;D:\OSPanel\userdata\drush-8\vendor\drush\drush;C:\Users\User\AppData\Roaming\Composer\vendor\drush\drush;C:\Users\User\AppData\Roaming\npm;D:\OSPanel\Drush\;C:\Users\User\AppData\Roaming\Composer\vendor\bin;D:\OSPanel\userdata\drush-8\vendor\drush\drush
93 verbose lifecycle vpba_gulp@1.0.0~postinstall: CWD: D:\OSPanel\domains\vpba\web\themes\custom\vpba
94 silly lifecycle vpba_gulp@1.0.0~postinstall: Args: [ '/d /s /c',
94 silly lifecycle   'find node_modules/ -name \'*.info\' -type f -delete' ]
95 silly lifecycle vpba_gulp@1.0.0~postinstall: Returned: code: 2  signal: null
96 info lifecycle vpba_gulp@1.0.0~postinstall: Failed to exec postinstall script
97 warn optional SKIPPING OPTIONAL DEPENDENCY: fsevents@^1.2.2 (node_modules\chokidar\node_modules\fsevents):
98 warn notsup SKIPPING OPTIONAL DEPENDENCY: Unsupported platform for fsevents@1.2.4: wanted {"os":"darwin","arch":"any"} (current: {"os":"win32","arch":"x64"})
99 verbose notsup SKIPPING OPTIONAL DEPENDENCY: Valid OS:    darwin
99 verbose notsup SKIPPING OPTIONAL DEPENDENCY: Valid Arch:  any
99 verbose notsup SKIPPING OPTIONAL DEPENDENCY: Actual OS:   win32
99 verbose notsup SKIPPING OPTIONAL DEPENDENCY: Actual Arch: x64
100 warn optional SKIPPING OPTIONAL DEPENDENCY: fsevents@^1.0.0 (node_modules\gulp-watch\node_modules\chokidar\node_modules\fsevents):
101 warn notsup SKIPPING OPTIONAL DEPENDENCY: Unsupported platform for fsevents@1.2.4: wanted {"os":"darwin","arch":"any"} (current: {"os":"win32","arch":"x64"})
102 verbose notsup SKIPPING OPTIONAL DEPENDENCY: Valid OS:    darwin
102 verbose notsup SKIPPING OPTIONAL DEPENDENCY: Valid Arch:  any
102 verbose notsup SKIPPING OPTIONAL DEPENDENCY: Actual OS:   win32
102 verbose notsup SKIPPING OPTIONAL DEPENDENCY: Actual Arch: x64
103 warn vpba_gulp@1.0.0 No repository field.
104 verbose If you need help, you may report this error at:
104 verbose     <https://github.com/npm/npm/issues>
105 verbose stack Error: vpba_gulp@1.0.0 postinstall: `find node_modules/ -name '*.info' -type f -delete`
105 verbose stack Exit status 2
105 verbose stack     at EventEmitter.<anonymous> (C:\Program Files\nodejs\node_modules\npm\lib\utils\lifecycle.js:255:16)
105 verbose stack     at emitTwo (events.js:106:13)
105 verbose stack     at EventEmitter.emit (events.js:191:7)
105 verbose stack     at ChildProcess.<anonymous> (C:\Program Files\nodejs\node_modules\npm\lib\utils\spawn.js:40:14)
105 verbose stack     at emitTwo (events.js:106:13)
105 verbose stack     at ChildProcess.emit (events.js:191:7)
105 verbose stack     at maybeClose (internal/child_process.js:877:16)
105 verbose stack     at Process.ChildProcess._handle.onexit (internal/child_process.js:226:5)
106 verbose pkgid vpba_gulp@1.0.0
107 verbose cwd D:\OSPanel\domains\vpba\web\themes\custom\vpba
108 error Windows_NT 6.1.7601
109 error argv "C:\\Program Files\\nodejs\\node.exe" "C:\\Program Files\\nodejs\\node_modules\\npm\\bin\\npm-cli.js" "install"
110 error node v6.9.5
111 error npm  v3.10.10
112 error code ELIFECYCLE
113 error vpba_gulp@1.0.0 postinstall: `find node_modules/ -name '*.info' -type f -delete`
113 error Exit status 2
114 error Failed at the vpba_gulp@1.0.0 postinstall script 'find node_modules/ -name '*.info' -type f -delete'.
114 error Make sure you have the latest version of node.js and npm installed.
114 error If you do, this is most likely a problem with the vpba_gulp package,
114 error not with npm itself.
114 error Tell the author that this fails on your system:
114 error     find node_modules/ -name '*.info' -type f -delete
114 error You can get information on how to open an issue for this project with:
114 error     npm bugs vpba_gulp
114 error Or if that isn't available, you can get their info via:
114 error     npm owner ls vpba_gulp
114 error There is likely additional logging output above.
115 verbose exit [ 1, true ]
